\BOOKMARK [1][-]{section.1}{\376\377\000I\000n\000t\000r\000o\000d\000u\000c\000t\000i\000o\000n}{}% 1
\BOOKMARK [2][-]{subsection.1.1}{\376\377\000B\000a\000c\000k\000g\000r\000o\000u\000n\000d\000\040\000a\000n\000d\000\040\000M\000o\000t\000i\000v\000a\000t\000i\000o\000n}{section.1}% 2
\BOOKMARK [2][-]{subsection.1.2}{\376\377\000U\000l\000t\000r\000a\000-\000W\000i\000d\000e\000b\000a\000n\000d\000\040\000\050\000U\000W\000B\000\051\000\040\000T\000e\000c\000h\000n\000o\000l\000o\000g\000y}{section.1}% 3
\BOOKMARK [2][-]{subsection.1.3}{\376\377\000P\000r\000o\000j\000e\000c\000t\000\040\000S\000c\000o\000p\000e\000\040\000a\000n\000d\000\040\000O\000b\000j\000e\000c\000t\000i\000v\000e\000s}{section.1}% 4
\BOOKMARK [1][-]{section.2}{\376\377\000M\000e\000t\000h\000o\000d\000o\000l\000o\000g\000y}{}% 5
\BOOKMARK [2][-]{subsection.2.1}{\376\377\000S\000y\000s\000t\000e\000m\000\040\000A\000r\000c\000h\000i\000t\000e\000c\000t\000u\000r\000e}{section.2}% 6
\BOOKMARK [2][-]{subsection.2.2}{\376\377\000T\000i\000m\000e\000-\000o\000f\000-\000F\000l\000i\000g\000h\000t\000\040\000\050\000T\000o\000F\000\051\000\040\000R\000a\000n\000g\000i\000n\000g}{section.2}% 7
\BOOKMARK [2][-]{subsection.2.3}{\376\377\0002\000D\000\040\000T\000r\000i\000l\000a\000t\000e\000r\000a\000t\000i\000o\000n\000\040\000A\000l\000g\000o\000r\000i\000t\000h\000m}{section.2}% 8
\BOOKMARK [1][-]{section.3}{\376\377\000I\000M\000P\000L\000E\000M\000E\000N\000T\000A\000T\000I\000O\000N\000\040\000U\000S\000I\000N\000G\000\040\000S\000D\000R}{}% 9
\BOOKMARK [2][-]{subsection.3.1}{\376\377\000C\000r\000i\000t\000i\000c\000a\000l\000\040\000C\000h\000a\000l\000l\000e\000n\000g\000e\000s\000\040\000a\000n\000d\000\040\000O\000b\000s\000e\000r\000v\000a\000t\000i\000o\000n\000s}{section.3}% 10
\BOOKMARK [2][-]{subsection.3.2}{\376\377\000R\000e\000s\000u\000l\000t\000s}{section.3}% 11
\BOOKMARK [1][-]{section.4}{\376\377\000I\000M\000P\000L\000E\000M\000E\000N\000T\000A\000T\000I\000O\000N\000\040\000U\000S\000I\000N\000G\000\040\000E\000S\000P\0003\0002\000:\000\040\000A\000N\000A\000L\000Y\000T\000I\000C\000A\000L\000\040\000A\000P\000P\000R\000O\000A\000C\000H}{}% 12
\BOOKMARK [2][-]{subsection.4.1}{\376\377\000H\000A\000R\000D\000W\000A\000R\000E\000\040\000R\000E\000Q\000U\000I\000R\000E\000M\000E\000N\000T\000S}{section.4}% 13
\BOOKMARK [2][-]{subsection.4.2}{\376\377\000S\000Y\000S\000T\000E\000M\000\040\000A\000R\000C\000H\000I\000T\000E\000C\000T\000U\000R\000E}{section.4}% 14
\BOOKMARK [3][-]{subsubsection.4.2.1}{\376\377\000T\000i\000m\000e\000\040\000o\000f\000\040\000F\000l\000i\000g\000h\000t\000\040\000\050\000T\000o\000F\000\051\000\040\000M\000e\000a\000s\000u\000r\000e\000m\000e\000n\000t}{subsection.4.2}% 15
\BOOKMARK [3][-]{subsubsection.4.2.2}{\376\377\000A\000s\000y\000n\000c\000h\000r\000o\000n\000o\000u\000s\000\040\000W\000e\000b\000\040\000S\000e\000r\000v\000e\000r}{subsection.4.2}% 16
\BOOKMARK [2][-]{subsection.4.3}{\376\377\000F\000I\000L\000T\000E\000R\000I\000N\000G\000\040\000A\000N\000D\000\040\000G\000E\000O\000M\000E\000T\000R\000I\000C\000\040\000T\000R\000I\000L\000A\000T\000E\000R\000A\000T\000I\000O\000N}{section.4}% 17
\BOOKMARK [3][-]{subsubsection.4.3.1}{\376\377\000M\000o\000v\000i\000n\000g\000\040\000M\000e\000d\000i\000a\000n\000\040\000F\000i\000l\000t\000e\000r}{subsection.4.3}% 18
\BOOKMARK [3][-]{subsubsection.4.3.2}{\376\377\0002\000D\000\040\000T\000r\000i\000l\000a\000t\000e\000r\000a\000t\000i\000o\000n\000\040\000M\000a\000t\000h}{subsection.4.3}% 19
\BOOKMARK [2][-]{subsection.4.4}{\376\377\000A\000N\000C\000H\000O\000R\000\040\000N\000O\000D\000E\000\040\000C\000O\000D\000E}{section.4}% 20
\BOOKMARK [2][-]{subsection.4.5}{\376\377\000C\000O\000D\000E\000\040\000I\000M\000P\000L\000E\000M\000E\000N\000T\000E\000D}{section.4}% 21
\BOOKMARK [2][-]{subsection.4.6}{\376\377\000E\000X\000P\000E\000R\000I\000M\000E\000N\000T\000A\000L\000\040\000R\000E\000S\000U\000L\000T\000S\000\040\000A\000N\000D\000\040\000L\000I\000M\000I\000T\000A\000T\000I\000O\000N\000S}{section.4}% 22
\BOOKMARK [3][-]{subsubsection.4.6.1}{\376\377\000O\000u\000t\000d\000o\000o\000r\000\040\000v\000s\000.\000\040\000I\000n\000d\000o\000o\000r\000\040\000P\000e\000r\000f\000o\000r\000m\000a\000n\000c\000e}{subsection.4.6}% 23
\BOOKMARK [3][-]{subsubsection.4.6.2}{\376\377\000M\000u\000l\000t\000i\000p\000a\000t\000h\000\040\000I\000n\000t\000e\000r\000f\000e\000r\000e\000n\000c\000e\000\040\000a\000n\000d\000\040\000S\000i\000g\000n\000a\000l\000\040\000R\000e\000f\000l\000e\000c\000t\000i\000o\000n}{subsection.4.6}% 24
\BOOKMARK [3][-]{subsubsection.4.6.3}{\376\377\000I\000m\000p\000o\000s\000s\000i\000b\000i\000l\000i\000t\000y\000\040\000o\000f\000\040\000C\000e\000n\000t\000i\000m\000e\000t\000e\000r\000-\000L\000e\000v\000e\000l\000\040\000A\000c\000c\000u\000r\000a\000c\000y}{subsection.4.6}% 25
\BOOKMARK [1][-]{section.5}{\376\377\000I\000M\000P\000L\000E\000M\000E\000N\000T\000A\000T\000I\000O\000N\000\040\000U\000S\000I\000N\000G\000\040\000E\000S\000P\0003\0002\000:\000\040\000M\000A\000C\000H\000I\000N\000E\000\040\000L\000E\000A\000R\000N\000I\000N\000G\000\040\000A\000P\000P\000R\000O\000A\000C\000H}{}% 26
\BOOKMARK [2][-]{subsection.5.1}{\376\377\000O\000V\000E\000R\000C\000O\000M\000I\000N\000G\000\040\000G\000E\000O\000M\000E\000T\000R\000I\000C\000\040\000L\000I\000M\000I\000T\000A\000T\000I\000O\000N\000S}{section.5}% 27
\BOOKMARK [2][-]{subsection.5.2}{\376\377\000B\000a\000s\000e\000l\000i\000n\000e\000\040\000M\000L\000:\000\040\000L\000i\000n\000e\000a\000r\000\040\000R\000e\000g\000r\000e\000s\000s\000i\000o\000n\000\040\000\050\000L\000e\000a\000s\000t\000\040\000S\000q\000u\000a\000r\000e\000s\000\040\000C\000a\000l\000i\000b\000r\000a\000t\000i\000o\000n\000\051}{section.5}% 28
\BOOKMARK [2][-]{subsection.5.3}{\376\377\000S\000y\000s\000t\000e\000m\000\040\000V\000i\000s\000u\000a\000l\000i\000z\000a\000t\000i\000o\000n\000s\000\040\000a\000n\000d\000\040\000I\000m\000a\000g\000e\000s}{section.5}% 29
\BOOKMARK [2][-]{subsection.5.4}{\376\377\000C\000o\000d\000e\000\040\000I\000m\000p\000l\000e\000m\000e\000n\000t\000e\000d}{section.5}% 30
\BOOKMARK [2][-]{subsection.5.5}{\376\377\000R\000e\000s\000u\000l\000t\000s\000:\000\040\000M\000L\000\040\000S\000y\000s\000t\000e\000m\000\040\000P\000e\000r\000f\000o\000r\000m\000a\000n\000c\000e}{section.5}% 31
\BOOKMARK [2][-]{subsection.5.6}{\376\377\000L\000i\000m\000i\000t\000a\000t\000i\000o\000n\000s\000:\000\040\000T\000h\000e\000\040\000B\000o\000u\000n\000d\000a\000r\000y\000\040\000E\000f\000f\000e\000c\000t}{section.5}% 32
\BOOKMARK [1][-]{section.6}{\376\377\000I\000M\000P\000L\000E\000M\000E\000N\000T\000A\000T\000I\000O\000N\000\040\000U\000S\000I\000N\000G\000\040\000E\000S\000P\0003\0002\000:\000\040\000R\000F\000\040\000F\000I\000N\000G\000E\000R\000P\000R\000I\000N\000T\000I\000N\000G\000\040\000\050\000K\000N\000N\000\051}{}% 33
\BOOKMARK [2][-]{subsection.6.1}{\376\377\000O\000v\000e\000r\000c\000o\000m\000i\000n\000g\000\040\000N\000o\000n\000-\000L\000i\000n\000e\000a\000r\000\040\000M\000u\000l\000t\000i\000p\000a\000t\000h}{section.6}% 34
\BOOKMARK [2][-]{subsection.6.2}{\376\377\000M\000e\000t\000h\000o\000d\000o\000l\000o\000g\000y\000\040\000a\000n\000d\000\040\000T\000h\000e\000\040\000`\000`\000T\000h\000i\000c\000k\000\040\000M\000a\000p\000'\000'}{section.6}% 35
\BOOKMARK [2][-]{subsection.6.3}{\376\377\000I\000n\000v\000e\000r\000s\000e\000\040\000D\000i\000s\000t\000a\000n\000c\000e\000\040\000W\000e\000i\000g\000h\000t\000i\000n\000g\000\040\000\050\000K\000=\0003\000\051}{section.6}% 36
\BOOKMARK [2][-]{subsection.6.4}{\376\377\000C\000o\000d\000e\000\040\000I\000m\000p\000l\000e\000m\000e\000n\000t\000e\000d}{section.6}% 37
\BOOKMARK [2][-]{subsection.6.5}{\376\377\000R\000e\000s\000u\000l\000t\000s\000\040\000a\000n\000d\000\040\000E\000n\000v\000i\000r\000o\000n\000m\000e\000n\000t\000a\000l\000\040\000D\000r\000i\000f\000t\000\040\000M\000a\000n\000a\000g\000e\000m\000e\000n\000t}{section.6}% 38
\BOOKMARK [1][-]{section.7}{\376\377\000C\000o\000n\000c\000l\000u\000s\000i\000o\000n}{}% 39
\BOOKMARK [1][-]{section.8}{\376\377\000F\000u\000t\000u\000r\000e\000\040\000S\000c\000o\000p\000e}{}% 40
